This is pdfTeX, Version 3.141592653-2.6-1.40.24 (TeX Live 2022) (preloaded format=pdflatex 2022.7.1)  2 JUL 2022 08:56
entering extended mode
 restricted \write18 enabled.
 file:line:error style messages enabled.
 %&-line parsing enabled.
**main.tex
(./main.tex
LaTeX2e <2021-11-15> patch level 1
L3 programming layer <2022-02-24>
(/usr/local/texlive/2022/texmf-dist/tex/latex/base/article.cls
Document Class: article 2021/10/04 v1.4n Standard LaTeX document class
(/usr/local/texlive/2022/texmf-dist/tex/latex/base/size10.clo
File: size10.clo 2021/10/04 v1.4n Standard LaTeX file (size option)
)
\c@part=\count185
\c@section=\count186
\c@subsection=\count187
\c@subsubsection=\count188
\c@paragraph=\count189
\c@subparagraph=\count190
\c@figure=\count191
\c@table=\count192
\abovecaptionskip=\skip47
\belowcaptionskip=\skip48
\bibindent=\dimen138
)
(/usr/local/texlive/2022/texmf-dist/tex/latex/base/latexsym.sty
Package: latexsym 1998/08/17 v2.2e Standard LaTeX package (lasy symbols)
\symlasy=\mathgroup4
LaTeX Font Info:    Overwriting symbol font `lasy' in version `bold'
(Font)                  U/lasy/m/n --> U/lasy/b/n on input line 52.
)
(/usr/local/texlive/2022/texmf-dist/tex/latex/preprint/fullpage.sty
Package: fullpage 1999/02/23 1.1 (PWD)
\FP@margin=\skip49
)
(/usr/local/texlive/2022/texmf-dist/tex/latex/titlesec/titlesec.sty
Package: titlesec 2021/07/05 v2.14 Sectioning titles
\ttl@box=\box50
\beforetitleunit=\skip50
\aftertitleunit=\skip51
\ttl@plus=\dimen139
\ttl@minus=\dimen140
\ttl@toksa=\toks16
\titlewidth=\dimen141
\titlewidthlast=\dimen142
\titlewidthfirst=\dimen143
)
(/usr/local/texlive/2022/texmf-dist/tex/latex/marvosym/marvosym.sty
Package: marvosym 2011/07/20 v2.2 Martin Vogel's Symbols font definitions
)
(/usr/local/texlive/2022/texmf-dist/tex/latex/graphics/color.sty
Package: color 2021/12/07 v1.3c Standard LaTeX Color (DPC)

(/usr/local/texlive/2022/texmf-dist/tex/latex/graphics-cfg/color.cfg
File: color.cfg 2016/01/02 v1.6 sample color configuration
)
Package color Info: Driver file: pdftex.def on input line 149.

(/usr/local/texlive/2022/texmf-dist/tex/latex/graphics-def/pdftex.def
File: pdftex.def 2020/10/05 v1.2a Graphics/color driver for pdftex
)
(/usr/local/texlive/2022/texmf-dist/tex/latex/graphics/dvipsnam.def
File: dvipsnam.def 2016/06/17 v3.0m Driver-dependent file (DPC,SPQR)
))
(/usr/local/texlive/2022/texmf-dist/tex/latex/tools/verbatim.sty
Package: verbatim 2020-07-07 v1.5u LaTeX2e package for verbatim enhancements
\every@verbatim=\toks17
\verbatim@line=\toks18
\verbatim@in@stream=\read2
)
(/usr/local/texlive/2022/texmf-dist/tex/latex/enumitem/enumitem.sty
Package: enumitem 2019/06/20 v3.9 Customized lists
\enitkv@toks@=\toks19
\labelindent=\skip52
\enit@outerparindent=\dimen144
\enit@toks=\toks20
\enit@inbox=\box51
\enit@count@id=\count193
\enitdp@description=\count194
)
(/usr/local/texlive/2022/texmf-dist/tex/latex/hyperref/hyperref.sty
Package: hyperref 2022-02-21 v7.00n Hypertext links for LaTeX

(/usr/local/texlive/2022/texmf-dist/tex/generic/ltxcmds/ltxcmds.sty
Package: ltxcmds 2020-05-10 v1.25 LaTeX kernel commands for general use (HO)
)
(/usr/local/texlive/2022/texmf-dist/tex/generic/iftex/iftex.sty
Package: iftex 2022/02/03 v1.0f TeX engine tests
)
(/usr/local/texlive/2022/texmf-dist/tex/generic/pdftexcmds/pdftexcmds.sty
Package: pdftexcmds 2020-06-27 v0.33 Utility functions of pdfTeX for LuaTeX (HO
)

(/usr/local/texlive/2022/texmf-dist/tex/generic/infwarerr/infwarerr.sty
Package: infwarerr 2019/12/03 v1.5 Providing info/warning/error messages (HO)
)
Package pdftexcmds Info: \pdf@primitive is available.
Package pdftexcmds Info: \pdf@ifprimitive is available.
Package pdftexcmds Info: \pdfdraftmode found.
)
(/usr/local/texlive/2022/texmf-dist/tex/latex/graphics/keyval.sty
Package: keyval 2014/10/28 v1.15 key=value parser (DPC)
\KV@toks@=\toks21
)
(/usr/local/texlive/2022/texmf-dist/tex/generic/kvsetkeys/kvsetkeys.sty
Package: kvsetkeys 2019/12/15 v1.18 Key value parser (HO)
)
(/usr/local/texlive/2022/texmf-dist/tex/generic/kvdefinekeys/kvdefinekeys.sty
Package: kvdefinekeys 2019-12-19 v1.6 Define keys (HO)
)
(/usr/local/texlive/2022/texmf-dist/tex/generic/pdfescape/pdfescape.sty
Package: pdfescape 2019/12/09 v1.15 Implements pdfTeX's escape features (HO)
)
(/usr/local/texlive/2022/texmf-dist/tex/latex/hycolor/hycolor.sty
Package: hycolor 2020-01-27 v1.10 Color options for hyperref/bookmark (HO)
)
(/usr/local/texlive/2022/texmf-dist/tex/latex/letltxmacro/letltxmacro.sty
Package: letltxmacro 2019/12/03 v1.6 Let assignment for LaTeX macros (HO)
)
(/usr/local/texlive/2022/texmf-dist/tex/latex/auxhook/auxhook.sty
Package: auxhook 2019-12-17 v1.6 Hooks for auxiliary files (HO)
)
(/usr/local/texlive/2022/texmf-dist/tex/latex/kvoptions/kvoptions.sty
Package: kvoptions 2020-10-07 v3.14 Key value format for package options (HO)
)
\@linkdim=\dimen145
\Hy@linkcounter=\count195
\Hy@pagecounter=\count196

(/usr/local/texlive/2022/texmf-dist/tex/latex/hyperref/pd1enc.def
File: pd1enc.def 2022-02-21 v7.00n Hyperref: PDFDocEncoding definition (HO)
Now handling font encoding PD1 ...
... no UTF-8 mapping file for font encoding PD1
)
(/usr/local/texlive/2022/texmf-dist/tex/generic/intcalc/intcalc.sty
Package: intcalc 2019/12/15 v1.3 Expandable calculations with integers (HO)
)
(/usr/local/texlive/2022/texmf-dist/tex/generic/etexcmds/etexcmds.sty
Package: etexcmds 2019/12/15 v1.7 Avoid name clashes with e-TeX commands (HO)
)
\Hy@SavedSpaceFactor=\count197

(/usr/local/texlive/2022/texmf-dist/tex/latex/hyperref/puenc.def
File: puenc.def 2022-02-21 v7.00n Hyperref: PDF Unicode definition (HO)
Now handling font encoding PU ...
... no UTF-8 mapping file for font encoding PU
)
Package hyperref Info: Hyper figures OFF on input line 4137.
Package hyperref Info: Link nesting OFF on input line 4142.
Package hyperref Info: Hyper index ON on input line 4145.
Package hyperref Info: Plain pages OFF on input line 4152.
Package hyperref Info: Backreferencing OFF on input line 4157.
Package hyperref Info: Implicit mode ON; LaTeX internals redefined.
Package hyperref Info: Bookmarks ON on input line 4390.
\c@Hy@tempcnt=\count198

(/usr/local/texlive/2022/texmf-dist/tex/latex/url/url.sty
\Urlmuskip=\muskip16
Package: url 2013/09/16  ver 3.4  Verb mode for urls, etc.
)
LaTeX Info: Redefining \url on input line 4749.
\XeTeXLinkMargin=\dimen146

(/usr/local/texlive/2022/texmf-dist/tex/generic/bitset/bitset.sty
Package: bitset 2019/12/09 v1.3 Handle bit-vector datatype (HO)

(/usr/local/texlive/2022/texmf-dist/tex/generic/bigintcalc/bigintcalc.sty
Package: bigintcalc 2019/12/15 v1.5 Expandable calculations on big integers (HO
)
))
\Fld@menulength=\count199
\Field@Width=\dimen147
\Fld@charsize=\dimen148
Package hyperref Info: Hyper figures OFF on input line 6027.
Package hyperref Info: Link nesting OFF on input line 6032.
Package hyperref Info: Hyper index ON on input line 6035.
Package hyperref Info: backreferencing OFF on input line 6042.
Package hyperref Info: Link coloring OFF on input line 6047.
Package hyperref Info: Link coloring with OCG OFF on input line 6052.
Package hyperref Info: PDF/A mode OFF on input line 6057.
LaTeX Info: Redefining \ref on input line 6097.
LaTeX Info: Redefining \pageref on input line 6101.

(/usr/local/texlive/2022/texmf-dist/tex/latex/base/atbegshi-ltx.sty
Package: atbegshi-ltx 2021/01/10 v1.0c Emulation of the original atbegshi
package with kernel methods
)
\Hy@abspage=\count266
\c@Item=\count267
\c@Hfootnote=\count268
)
Package hyperref Info: Driver: hpdftex.

(/usr/local/texlive/2022/texmf-dist/tex/latex/hyperref/hpdftex.def
File: hpdftex.def 2022-02-21 v7.00n Hyperref driver for pdfTeX

(/usr/local/texlive/2022/texmf-dist/tex/latex/base/atveryend-ltx.sty
Package: atveryend-ltx 2020/08/19 v1.0a Emulation of the original atveryend pac
kage
with kernel methods
)
\Fld@listcount=\count269
\c@bookmark@seq@number=\count270

(/usr/local/texlive/2022/texmf-dist/tex/latex/rerunfilecheck/rerunfilecheck.sty
Package: rerunfilecheck 2019/12/05 v1.9 Rerun checks for auxiliary files (HO)

(/usr/local/texlive/2022/texmf-dist/tex/generic/uniquecounter/uniquecounter.sty
Package: uniquecounter 2019/12/15 v1.4 Provide unlimited unique counter (HO)
)
Package uniquecounter Info: New unique counter `rerunfilecheck' on input line 2
86.
)
\Hy@SectionHShift=\skip53
) (/usr/local/texlive/2022/texmf-dist/tex/latex/fancyhdr/fancyhdr.sty
Package: fancyhdr 2021/01/28 v4.0.1 Extensive control of page headers and foote
rs
\f@nch@headwidth=\skip54
\f@nch@O@elh=\skip55
\f@nch@O@erh=\skip56
\f@nch@O@olh=\skip57
\f@nch@O@orh=\skip58
\f@nch@O@elf=\skip59
\f@nch@O@erf=\skip60
\f@nch@O@olf=\skip61
\f@nch@O@orf=\skip62
)
(/usr/local/texlive/2022/texmf-dist/tex/latex/tabularray/tabularray.sty
(/usr/local/texlive/2022/texmf-dist/tex/latex/l3kernel/expl3.sty
Package: expl3 2022-02-24 L3 programming layer (loader) 

(/usr/local/texlive/2022/texmf-dist/tex/latex/l3backend/l3backend-pdftex.def
File: l3backend-pdftex.def 2022-02-07 L3 backend support: PDF output (pdfTeX)
\l__color_backend_stack_int=\count271
\l__pdf_internal_box=\box52
))
Package: tabularray 2022-03-01 v2022A Typeset tabulars and arrays with LaTeX3
\l__tblr_a_int=\count272
\l__tblr_c_int=\count273
\l__tblr_r_int=\count274
\l__tblr_d_dim=\dimen149
\l__tblr_h_dim=\dimen150
\l__tblr_o_dim=\dimen151
\l__tblr_p_dim=\dimen152
\l__tblr_q_dim=\dimen153
\l__tblr_r_dim=\dimen154
\l__tblr_s_dim=\dimen155
\l__tblr_t_dim=\dimen156
\l__tblr_v_dim=\dimen157
\l__tblr_w_dim=\dimen158
\l__tblr_a_box=\box53
\l__tblr_b_box=\box54
\l__tblr_c_box=\box55
\l__tblr_d_box=\box56
\g__tblr_table_count_int=\count275
\c@rownum=\count276
\c@colnum=\count277
\c@rowcount=\count278
\c@colcount=\count279
\abovesep=\dimen159
\belowsep=\dimen160
\leftsep=\dimen161
\rightsep=\dimen162
\g_tblr_level_int=\count280
\g__tblr_data_row_key_count_int=\count281
\g__tblr_data_column_key_count_int=\count282
\g__tblr_data_cell_key_count_int=\count283
\g__tblr_array_int=\count284
\l__tblr_key_count_int=\count285
\l__tblr_key_quotient_int=\count286
\l__tblr_key_quotient_two_int=\count287
\l__tblr_key_remainder_int=\count288
\g__tblr_data_str_value_count_int=\count289
\rulewidth=\dimen163
\l__tblr_strut_ht_box=\box57
\l__tblr_strut_dp_box=\box58
\g__tblr_cell_wd_dim=\dimen164
\g__tblr_cell_ht_dim=\dimen165
\g__tblr_cell_head_dim=\dimen166
\g__tblr_cell_foot_dim=\dimen167
\l__column_target_dim=\dimen168
\l__tblr_caption_box=\box59
\l__tblr_caption_left_box=\box60
\l__tblr_row_head_box=\box61
\l__tblr_row_foot_box=\box62
\l__tblr_row_head_foot_dim=\dimen169
\tablewidth=\dimen170
\l__tblr_table_firsthead_box=\box63
\l__tblr_table_middlehead_box=\box64
\l__tblr_table_lasthead_box=\box65
\l__tblr_table_firstfoot_box=\box66
\l__tblr_table_middlefoot_box=\box67
\l__tblr_table_lastfoot_box=\box68
\l__tblr_remain_height_dim=\dimen171
\l__tblr_long_from_int=\count290
\l__tblr_long_to_int=\count291
\l__tblr_curr_i_int=\count292
\l__tblr_prev_i_int=\count293
\l__tblr_table_page_int=\count294
\l__tblr_table_head_box=\box69
\l__tblr_table_foot_box=\box70
\l__tblr_table_head_foot_dim=\dimen172
\l__tblr_table_head_body_foot_dim=\dimen173
\l__tblr_table_box=\box71
\l__tblr_table_hlines_box=\box72
\l__tblr_hline_box=\box73
\l__tblr_row_box=\box74
\l__tblr_col_o_wd_dim=\dimen174
\l__tblr_col_b_wd_dim=\dimen175
\l__tblr_hline_leftskip_dim=\dimen176
\l__tblr_hline_rightskip_dim=\dimen177
\l__tblr_row_ht_dim=\dimen178
\l__tblr_row_dp_dim=\dimen179
\l__tblr_row_abovesep_dim=\dimen180
\l__tblr_row_belowsep_dim=\dimen181
\l__tblr_row_vlines_box=\box75
\l__tblr_vline_box=\box76
\l__tblr_cell_box=\box77
\l__row_upper_dim=\dimen182
\l__row_lower_dim=\dimen183
\l__row_vpace_dim=\dimen184
\l__tblr_vline_aboveskip_dim=\dimen185
\l__tblr_vline_belowskip_dim=\dimen186
\l__tblr_cell_wd_dim=\dimen187
\l__tblr_cell_ht_dim=\dimen188
\l__tblr_diag_box=\box78
) (/usr/local/texlive/2022/texmf-dist/tex/latex/xcolor/xcolor.sty
Package: xcolor 2021/10/31 v2.13 LaTeX color extensions (UK)

(/usr/local/texlive/2022/texmf-dist/tex/latex/graphics-cfg/color.cfg
File: color.cfg 2016/01/02 v1.6 sample color configuration
)
Package xcolor Info: Driver file: pdftex.def on input line 227.
LaTeX Info: Redefining \color on input line 711.
Package xcolor Info: Model `cmy' substituted by `cmy0' on input line 1352.
Package xcolor Info: Model `hsb' substituted by `rgb' on input line 1356.
Package xcolor Info: Model `RGB' extended on input line 1368.
Package xcolor Info: Model `HTML' substituted by `rgb' on input line 1370.
Package xcolor Info: Model `Hsb' substituted by `hsb' on input line 1371.
Package xcolor Info: Model `tHsb' substituted by `hsb' on input line 1372.
Package xcolor Info: Model `HSB' substituted by `hsb' on input line 1373.
Package xcolor Info: Model `Gray' substituted by `gray' on input line 1374.
Package xcolor Info: Model `wave' substituted by `hsb' on input line 1375.

(/usr/local/texlive/2022/texmf-dist/tex/latex/graphics/dvipsnam.def
File: dvipsnam.def 2016/06/17 v3.0m Driver-dependent file (DPC,SPQR)
))
(/usr/local/texlive/2022/texmf-dist/tex/latex/graphics/graphicx.sty
Package: graphicx 2021/09/16 v1.2d Enhanced LaTeX Graphics (DPC,SPQR)

(/usr/local/texlive/2022/texmf-dist/tex/latex/graphics/graphics.sty
Package: graphics 2021/03/04 v1.4d Standard LaTeX Graphics (DPC,SPQR)

(/usr/local/texlive/2022/texmf-dist/tex/latex/graphics/trig.sty
Package: trig 2021/08/11 v1.11 sin cos tan (DPC)
)
(/usr/local/texlive/2022/texmf-dist/tex/latex/graphics-cfg/graphics.cfg
File: graphics.cfg 2016/06/04 v1.11 sample graphics configuration
)
Package graphics Info: Driver file: pdftex.def on input line 107.
)
\Gin@req@height=\dimen189
\Gin@req@width=\dimen190
)

LaTeX Warning: Unused global option(s):
    [20pt].

(./main.aux)
\openout1 = `main.aux'.

LaTeX Font Info:    Checking defaults for OML/cmm/m/it on input line 85.
LaTeX Font Info:    ... okay on input line 85.
LaTeX Font Info:    Checking defaults for OMS/cmsy/m/n on input line 85.
LaTeX Font Info:    ... okay on input line 85.
LaTeX Font Info:    Checking defaults for OT1/cmr/m/n on input line 85.
LaTeX Font Info:    ... okay on input line 85.
LaTeX Font Info:    Checking defaults for T1/cmr/m/n on input line 85.
LaTeX Font Info:    ... okay on input line 85.
LaTeX Font Info:    Checking defaults for TS1/cmr/m/n on input line 85.
LaTeX Font Info:    ... okay on input line 85.
LaTeX Font Info:    Checking defaults for OMX/cmex/m/n on input line 85.
LaTeX Font Info:    ... okay on input line 85.
LaTeX Font Info:    Checking defaults for U/cmr/m/n on input line 85.
LaTeX Font Info:    ... okay on input line 85.
LaTeX Font Info:    Checking defaults for PD1/pdf/m/n on input line 85.
LaTeX Font Info:    ... okay on input line 85.
LaTeX Font Info:    Checking defaults for PU/pdf/m/n on input line 85.
LaTeX Font Info:    ... okay on input line 85.

(/usr/local/texlive/2022/texmf-dist/tex/context/base/mkii/supp-pdf.mkii
[Loading MPS to PDF converter (version 2006.09.02).]
\scratchcounter=\count295
\scratchdimen=\dimen191
\scratchbox=\box79
\nofMPsegments=\count296
\nofMParguments=\count297
\everyMPshowfont=\toks22
\MPscratchCnt=\count298
\MPscratchDim=\dimen192
\MPnumerator=\count299
\makeMPintoPDFobject=\count300
\everyMPtoPDFconversion=\toks23
) (/usr/local/texlive/2022/texmf-dist/tex/latex/epstopdf-pkg/epstopdf-base.sty
Package: epstopdf-base 2020-01-24 v2.11 Base part for package epstopdf
Package epstopdf-base Info: Redefining graphics rule for `.eps' on input line 4
85.

(/usr/local/texlive/2022/texmf-dist/tex/latex/latexconfig/epstopdf-sys.cfg
File: epstopdf-sys.cfg 2010/07/13 v1.3 Configuration of (r)epstopdf for TeX Liv
e
))
Package hyperref Info: Link coloring OFF on input line 85.

(/usr/local/texlive/2022/texmf-dist/tex/latex/hyperref/nameref.sty
Package: nameref 2021-04-02 v2.47 Cross-referencing by name of section

(/usr/local/texlive/2022/texmf-dist/tex/latex/refcount/refcount.sty
Package: refcount 2019/12/15 v3.6 Data extraction from label references (HO)
)
(/usr/local/texlive/2022/texmf-dist/tex/generic/gettitlestring/gettitlestring.s
ty
Package: gettitlestring 2019/12/15 v1.6 Cleanup title references (HO)
)
\c@section@level=\count301
)
LaTeX Info: Redefining \ref on input line 85.
LaTeX Info: Redefining \pageref on input line 85.
LaTeX Info: Redefining \nameref on input line 85.
 (./main.out) (./main.out)
\@outlinefile=\write3
\openout3 = `main.out'.


(/usr/local/texlive/2022/texmf-dist/tex/latex/ninecolors/ninecolors.sty
Package: ninecolors 2022-02-13 vv2022D Select colors with proper color contrast


(/usr/local/texlive/2022/texmf-dist/tex/latex/l3packages/xparse/xparse.sty
Package: xparse 2022-01-12 L3 Experimental document command parser
))
> Step: init table outer spec.
> Step: parse table options.
> Step: split table.
> Step: init table inner spec.
> Step: parse table inner spec.
> Step: execute table commands.
> Step: calculate cell and line sizes.
<./assets//contacticon.png, id=20, 30.8352pt x 31.0761pt>
File: ./assets//contacticon.png Graphic file (type png)
<use ./assets//contacticon.png>
Package pdftex.def Info: ./assets//contacticon.png  used on input line 98.
(pdftex.def)             Requested size: 30.83511pt x 31.076pt.
File: ./assets//contacticon.png Graphic file (type png)
<use ./assets//contacticon.png>
Package pdftex.def Info: ./assets//contacticon.png  used on input line 98.
(pdftex.def)             Requested size: 30.83511pt x 31.076pt.
File: ./assets//contacticon.png Graphic file (type png)
<use ./assets//contacticon.png>
Package pdftex.def Info: ./assets//contacticon.png  used on input line 98.
(pdftex.def)             Requested size: 30.83511pt x 31.076pt.
<./assets//emailicon.png, id=22, 30.8352pt x 31.0761pt>
File: ./assets//emailicon.png Graphic file (type png)
<use ./assets//emailicon.png>
Package pdftex.def Info: ./assets//emailicon.png  used on input line 98.
(pdftex.def)             Requested size: 30.83511pt x 31.076pt.
File: ./assets//emailicon.png Graphic file (type png)
<use ./assets//emailicon.png>
Package pdftex.def Info: ./assets//emailicon.png  used on input line 98.
(pdftex.def)             Requested size: 30.83511pt x 31.076pt.
File: ./assets//emailicon.png Graphic file (type png)
<use ./assets//emailicon.png>
Package pdftex.def Info: ./assets//emailicon.png  used on input line 98.
(pdftex.def)             Requested size: 30.83511pt x 31.076pt.
<./assets//wwwicon.png, id=23, 29.1489pt x 29.3898pt>
File: ./assets//wwwicon.png Graphic file (type png)
<use ./assets//wwwicon.png>
Package pdftex.def Info: ./assets//wwwicon.png  used on input line 98.
(pdftex.def)             Requested size: 29.1488pt x 29.38971pt.
File: ./assets//wwwicon.png Graphic file (type png)
<use ./assets//wwwicon.png>
Package pdftex.def Info: ./assets//wwwicon.png  used on input line 98.
(pdftex.def)             Requested size: 29.1488pt x 29.38971pt.
File: ./assets//wwwicon.png Graphic file (type png)
<use ./assets//wwwicon.png>
Package pdftex.def Info: ./assets//wwwicon.png  used on input line 98.
(pdftex.def)             Requested size: 29.1488pt x 29.38971pt.
<./assets//githubicon.png, id=24, 30.8352pt x 31.0761pt>
File: ./assets//githubicon.png Graphic file (type png)
<use ./assets//githubicon.png>
Package pdftex.def Info: ./assets//githubicon.png  used on input line 98.
(pdftex.def)             Requested size: 30.83511pt x 31.076pt.
File: ./assets//githubicon.png Graphic file (type png)
<use ./assets//githubicon.png>
Package pdftex.def Info: ./assets//githubicon.png  used on input line 98.
(pdftex.def)             Requested size: 30.83511pt x 31.076pt.
File: ./assets//githubicon.png Graphic file (type png)
<use ./assets//githubicon.png>
Package pdftex.def Info: ./assets//githubicon.png  used on input line 98.
(pdftex.def)             Requested size: 30.83511pt x 31.076pt.
File: ./assets//contacticon.png Graphic file (type png)
<use ./assets//contacticon.png>
Package pdftex.def Info: ./assets//contacticon.png  used on input line 98.
(pdftex.def)             Requested size: 30.83511pt x 31.076pt.
File: ./assets//contacticon.png Graphic file (type png)
<use ./assets//contacticon.png>
Package pdftex.def Info: ./assets//contacticon.png  used on input line 98.
(pdftex.def)             Requested size: 30.83511pt x 31.076pt.
File: ./assets//emailicon.png Graphic file (type png)
<use ./assets//emailicon.png>
Package pdftex.def Info: ./assets//emailicon.png  used on input line 98.
(pdftex.def)             Requested size: 30.83511pt x 31.076pt.
File: ./assets//emailicon.png Graphic file (type png)
<use ./assets//emailicon.png>
Package pdftex.def Info: ./assets//emailicon.png  used on input line 98.
(pdftex.def)             Requested size: 30.83511pt x 31.076pt.
File: ./assets//wwwicon.png Graphic file (type png)
<use ./assets//wwwicon.png>
Package pdftex.def Info: ./assets//wwwicon.png  used on input line 98.
(pdftex.def)             Requested size: 29.1488pt x 29.38971pt.
File: ./assets//wwwicon.png Graphic file (type png)
<use ./assets//wwwicon.png>
Package pdftex.def Info: ./assets//wwwicon.png  used on input line 98.
(pdftex.def)             Requested size: 29.1488pt x 29.38971pt.
File: ./assets//githubicon.png Graphic file (type png)
<use ./assets//githubicon.png>
Package pdftex.def Info: ./assets//githubicon.png  used on input line 98.
(pdftex.def)             Requested size: 30.83511pt x 31.076pt.
File: ./assets//githubicon.png Graphic file (type png)
<use ./assets//githubicon.png>
Package pdftex.def Info: ./assets//githubicon.png  used on input line 98.
(pdftex.def)             Requested size: 30.83511pt x 31.076pt.

Overfull \hbox (28.79922pt too wide) in paragraph at lines 98--98
 [][]\OT1/cmr/m/n/10 mischke@protonmail.com[] 
 []


Overfull \hbox (28.79922pt too wide) in paragraph at lines 98--98
 [][]\OT1/cmr/m/n/10 mischke@protonmail.com[] 
 []


Overfull \hbox (5.1603pt too wide) in paragraph at lines 98--98
 [][]\OT1/cmr/m/n/10 github.com/vanities[] 
 []


Overfull \hbox (5.1603pt too wide) in paragraph at lines 98--98
 [][]\OT1/cmr/m/n/10 github.com/vanities[] 
 []

> Step: build the whole table.
File: ./assets//contacticon.png Graphic file (type png)
<use ./assets//contacticon.png>
Package pdftex.def Info: ./assets//contacticon.png  used on input line 98.
(pdftex.def)             Requested size: 30.83511pt x 31.076pt.
File: ./assets//contacticon.png Graphic file (type png)
<use ./assets//contacticon.png>
Package pdftex.def Info: ./assets//contacticon.png  used on input line 98.
(pdftex.def)             Requested size: 30.83511pt x 31.076pt.
File: ./assets//emailicon.png Graphic file (type png)
<use ./assets//emailicon.png>
Package pdftex.def Info: ./assets//emailicon.png  used on input line 98.
(pdftex.def)             Requested size: 30.83511pt x 31.076pt.
File: ./assets//emailicon.png Graphic file (type png)
<use ./assets//emailicon.png>
Package pdftex.def Info: ./assets//emailicon.png  used on input line 98.
(pdftex.def)             Requested size: 30.83511pt x 31.076pt.
File: ./assets//wwwicon.png Graphic file (type png)
<use ./assets//wwwicon.png>
Package pdftex.def Info: ./assets//wwwicon.png  used on input line 98.
(pdftex.def)             Requested size: 29.1488pt x 29.38971pt.
File: ./assets//wwwicon.png Graphic file (type png)
<use ./assets//wwwicon.png>
Package pdftex.def Info: ./assets//wwwicon.png  used on input line 98.
(pdftex.def)             Requested size: 29.1488pt x 29.38971pt.
File: ./assets//githubicon.png Graphic file (type png)
<use ./assets//githubicon.png>
Package pdftex.def Info: ./assets//githubicon.png  used on input line 98.
(pdftex.def)             Requested size: 30.83511pt x 31.076pt.
File: ./assets//githubicon.png Graphic file (type png)
<use ./assets//githubicon.png>
Package pdftex.def Info: ./assets//githubicon.png  used on input line 98.
(pdftex.def)             Requested size: 30.83511pt x 31.076pt.

Overfull \hbox (28.79922pt too wide) in paragraph at lines 98--98
 [][]\OT1/cmr/m/n/10 mischke@protonmail.com[] 
 []


Overfull \hbox (28.79922pt too wide) in paragraph at lines 98--98
 [][]\OT1/cmr/m/n/10 mischke@protonmail.com[] 
 []


Overfull \hbox (5.1603pt too wide) in paragraph at lines 98--98
 [][]\OT1/cmr/m/n/10 github.com/vanities[] 
 []


Overfull \hbox (5.1603pt too wide) in paragraph at lines 98--98
 [][]\OT1/cmr/m/n/10 github.com/vanities[] 
 []

LaTeX Font Info:    External font `cmex10' loaded for size
(Font)              <7> on input line 98.
LaTeX Font Info:    External font `cmex10' loaded for size
(Font)              <5> on input line 98.
LaTeX Font Info:    Trying to load font information for U+lasy on input line 98
.
(/usr/local/texlive/2022/texmf-dist/tex/latex/base/ulasy.fd
File: ulasy.fd 1998/08/17 v2.2e LaTeX symbol font definitions
)

LaTeX Font Warning: Font shape `OT1/cmr/bx/sc' undefined
(Font)              using `OT1/cmr/bx/n' instead on input line 103.

LaTeX Font Info:    External font `cmex10' loaded for size
(Font)              <9> on input line 139.
LaTeX Font Info:    External font `cmex10' loaded for size
(Font)              <6> on input line 139.

Package fancyhdr Warning: \footskip is too small (0.0pt): 
(fancyhdr)                Make it at least 3.60004pt, for example:
(fancyhdr)                \setlength{\footskip}{3.60004pt}.

[1

{/usr/local/texlive/2022/texmf-var/fonts/map/pdftex/updmap/pdftex.map} <./asset
s//contacticon.png> <./assets//emailicon.png> <./assets//wwwicon.png> <./assets
//githubicon.png>] (./main.aux)

LaTeX Font Warning: Some font shapes were not available, defaults substituted.

Package rerunfilecheck Info: File `main.out' has not changed.
(rerunfilecheck)             Checksum: 13B95F4997BD53A9AEBD399D575367C0;332.
 ) 
Here is how much of TeX's memory you used:
 12306 strings out of 478268
 215084 string characters out of 5846348
 556515 words of memory out of 5000000
 30365 multiletter control sequences out of 15000+600000
 476617 words of font info for 54 fonts, out of 8000000 for 9000
 1141 hyphenation exceptions out of 8191
 60i,11n,98p,378b,554s stack positions out of 10000i,1000n,20000p,200000b,200000s
{/usr/local/texlive/2022/texmf-dist/fonts/enc/dvips/cm-super/cm-super-ts1.enc
}</usr/local/texlive/2022/texmf-dist/fonts/type1/public/amsfonts/cm/cmbx10.pfb>
</usr/local/texlive/2022/texmf-dist/fonts/type1/public/amsfonts/cm/cmbx12.pfb><
/usr/local/texlive/2022/texmf-dist/fonts/type1/public/amsfonts/cm/cmbx9.pfb></u
sr/local/texlive/2022/texmf-dist/fonts/type1/public/amsfonts/cm/cmbxti10.pfb></
usr/local/texlive/2022/texmf-dist/fonts/type1/public/amsfonts/cm/cmr10.pfb></us
r/local/texlive/2022/texmf-dist/fonts/type1/public/amsfonts/cm/cmr9.pfb></usr/l
ocal/texlive/2022/texmf-dist/fonts/type1/public/amsfonts/cm/cmsy10.pfb></usr/lo
cal/texlive/2022/texmf-dist/fonts/type1/public/amsfonts/cm/cmsy9.pfb></usr/loca
l/texlive/2022/texmf-dist/fonts/type1/public/amsfonts/cm/cmti10.pfb></usr/local
/texlive/2022/texmf-dist/fonts/type1/public/amsfonts/cm/cmti8.pfb></usr/local/t
exlive/2022/texmf-dist/fonts/type1/public/cm-super/sfrm0900.pfb></usr/local/tex
live/2022/texmf-dist/fonts/type1/public/cm-super/sfrm1000.pfb>
Output written on main.pdf (1 page, 179391 bytes).
PDF statistics:
 121 PDF objects out of 1000 (max. 8388607)
 67 compressed objects within 1 object stream
 6 named destinations out of 1000 (max. 500000)
 53 words of extra memory for PDF output out of 10000 (max. 10000000)

